0 info it worked if it ends with ok
1 verbose cli [ 'C:\\Program Files\\nodejs\\node.exe',
1 verbose cli   'C:\\Program Files\\nodejs\\node_modules\\npm\\bin\\npm-cli.js',
1 verbose cli   'install',
1 verbose cli   'titatoggle' ]
2 info using npm@2.15.1
3 info using node@v4.4.4
4 verbose install initial load of D:\WEB\页面\bootstrap实战\bootstrap-3.3.5-dist\package.json
5 verbose readDependencies loading dependencies from D:\WEB\页面\bootstrap实战\bootstrap-3.3.5-dist\package.json
6 silly cache add args [ 'titatoggle', null ]
7 verbose cache add spec titatoggle
8 silly cache add parsed spec Result {
8 silly cache add   raw: 'titatoggle',
8 silly cache add   scope: null,
8 silly cache add   name: 'titatoggle',
8 silly cache add   rawSpec: '',
8 silly cache add   spec: 'latest',
8 silly cache add   type: 'tag' }
9 silly addNamed titatoggle@latest
10 verbose addNamed "latest" is being treated as a dist-tag for titatoggle
11 info addNameTag [ 'titatoggle', 'latest' ]
12 silly mapToRegistry name titatoggle
13 silly mapToRegistry using default registry
14 silly mapToRegistry registry https://registry.npmjs.org/
15 silly mapToRegistry data Result {
15 silly mapToRegistry   raw: 'titatoggle',
15 silly mapToRegistry   scope: null,
15 silly mapToRegistry   name: 'titatoggle',
15 silly mapToRegistry   rawSpec: '',
15 silly mapToRegistry   spec: 'latest',
15 silly mapToRegistry   type: 'tag' }
16 silly mapToRegistry uri https://registry.npmjs.org/titatoggle
17 verbose addNameTag registry:https://registry.npmjs.org/titatoggle not in flight; fetching
18 verbose request uri https://registry.npmjs.org/titatoggle
19 verbose request no auth needed
20 info attempt registry request try #1 at 16:49:09
21 verbose request id b8134a6d1d6d6869
22 http request GET https://registry.npmjs.org/titatoggle
23 http 404 https://registry.npmjs.org/titatoggle
24 verbose headers { 'content-type': 'application/json',
24 verbose headers   'cache-control': 'max-age=0',
24 verbose headers   'content-length': '2',
24 verbose headers   'accept-ranges': 'bytes',
24 verbose headers   date: 'Wed, 07 Sep 2016 08:49:12 GMT',
24 verbose headers   via: '1.1 varnish',
24 verbose headers   age: '0',
24 verbose headers   connection: 'close',
24 verbose headers   'x-served-by': 'cache-lcy1121-LCY',
24 verbose headers   'x-cache': 'MISS',
24 verbose headers   'x-cache-hits': '0',
24 verbose headers   'x-timer': 'S1473238152.887370,VS0,VE90',
24 verbose headers   vary: 'Accept-Encoding' }
25 silly get cb [ 404,
25 silly get   { 'content-type': 'application/json',
25 silly get     'cache-control': 'max-age=0',
25 silly get     'content-length': '2',
25 silly get     'accept-ranges': 'bytes',
25 silly get     date: 'Wed, 07 Sep 2016 08:49:12 GMT',
25 silly get     via: '1.1 varnish',
25 silly get     age: '0',
25 silly get     connection: 'close',
25 silly get     'x-served-by': 'cache-lcy1121-LCY',
25 silly get     'x-cache': 'MISS',
25 silly get     'x-cache-hits': '0',
25 silly get     'x-timer': 'S1473238152.887370,VS0,VE90',
25 silly get     vary: 'Accept-Encoding' } ]
26 verbose stack Error: Registry returned 404 for GET on https://registry.npmjs.org/titatoggle
26 verbose stack     at makeError (C:\Program Files\nodejs\node_modules\npm\node_modules\npm-registry-client\lib\request.js:264:12)
26 verbose stack     at CachingRegistryClient.<anonymous> (C:\Program Files\nodejs\node_modules\npm\node_modules\npm-registry-client\lib\request.js:242:14)
26 verbose stack     at Request._callback (C:\Program Files\nodejs\node_modules\npm\node_modules\npm-registry-client\lib\request.js:172:14)
26 verbose stack     at Request.self.callback (C:\Program Files\nodejs\node_modules\npm\node_modules\request\request.js:199:22)
26 verbose stack     at emitTwo (events.js:87:13)
26 verbose stack     at Request.emit (events.js:172:7)
26 verbose stack     at Request.<anonymous> (C:\Program Files\nodejs\node_modules\npm\node_modules\request\request.js:1036:10)
26 verbose stack     at emitOne (events.js:82:20)
26 verbose stack     at Request.emit (events.js:169:7)
26 verbose stack     at IncomingMessage.<anonymous> (C:\Program Files\nodejs\node_modules\npm\node_modules\request\request.js:963:12)
27 verbose statusCode 404
28 verbose pkgid titatoggle
29 verbose cwd D:\WEB\页面\bootstrap实战\bootstrap-3.3.5-dist
30 error Windows_NT 10.0.10586
31 error argv "C:\\Program Files\\nodejs\\node.exe" "C:\\Program Files\\nodejs\\node_modules\\npm\\bin\\npm-cli.js" "install" "titatoggle"
32 error node v4.4.4
33 error npm  v2.15.1
34 error code E404
35 error 404 Registry returned 404 for GET on https://registry.npmjs.org/titatoggle
35 error 404
35 error 404 'titatoggle' is not in the npm registry.
35 error 404 You should bug the author to publish it (or use the name yourself!)
35 error 404
35 error 404 Note that you can also install from a
35 error 404 tarball, folder, http url, or git url.
36 verbose exit [ 1, true ]
